============================= test session starts ==============================
platform darwin -- Python 3.12.6, pytest-9.0.2, pluggy-1.6.0
benchmark: 5.2.3 (defaults: timer=time.perf_counter disable_gc=False min_rounds=5 min_time=0.000005 max_time=1.0 calibration_precision=10 warmup=False warmup_iterations=100000)
rootdir: /Users/vijaysingh/code/codingagent
configfile: pytest.ini (WARNING: ignoring pytest config in pyproject.toml!)
testpaths: tests
plugins: anyio-4.12.1, benchmark-5.2.3, respx-0.22.0, mock-3.15.1, json-report-1.5.0, metadata-3.1.1, asyncio-1.3.0, locust-2.43.1, cov-7.0.0
asyncio: mode=Mode.AUTO, debug=False, asyncio_default_fixture_loop_scope=function, asyncio_default_test_loop_scope=function
collected 25521 items / 82 errors / 39 deselected / 4 skipped / 25482 selected

=========================== short test summary info ============================
ERROR tests/integration/agent/memory/test_memory_integration.py
ERROR tests/integration/agent/multimodal/test_multimodal_integration.py
ERROR tests/integration/agent/planning/test_planning_integration.py
ERROR tests/integration/agent/test_analytics_integration.py
ERROR tests/integration/agent/test_analytics_part3.py
ERROR tests/integration/agent/test_orchestrator_factory_e2e.py
ERROR tests/integration/agent/test_session_recovery_integration.py
ERROR tests/integration/coordinators/test_extracted_coordinators_integration.py
ERROR tests/integration/framework/test_persona_integration.py
ERROR tests/integration/framework/test_tool_executor_integration.py
ERROR tests/integration/providers/test_ollama_integration.py
ERROR tests/integration/providers/test_provider_model_switching.py
ERROR tests/integration/security/test_security_integration.py
ERROR tests/integration/verticals/test_code_lifecycle_e2e.py
ERROR tests/performance/verticals/test_vertical_performance.py
ERROR tests/smoke/test_coordinator_smoke.py
ERROR tests/test_thinking_mode.py
ERROR tests/unit/agent/coordinators/test_checkpoint_coordinator.py
ERROR tests/unit/agent/coordinators/test_conversation_coordinator.py
ERROR tests/unit/agent/coordinators/test_evaluation_coordinator.py
ERROR tests/unit/agent/coordinators/test_file_context_coordinator.py
ERROR tests/unit/agent/coordinators/test_intelligent_feature_coordinator.py
ERROR tests/unit/agent/coordinators/test_memory_coordinator.py
ERROR tests/unit/agent/coordinators/test_metrics_coordinator.py
ERROR tests/unit/agent/coordinators/test_middleware_coordinator.py
ERROR tests/unit/agent/coordinators/test_prompt_contributors.py
ERROR tests/unit/agent/coordinators/test_provider_coordinator.py
ERROR tests/unit/agent/coordinators/test_response_coordinator.py
ERROR tests/unit/agent/coordinators/test_search_coordinator.py
ERROR tests/unit/agent/coordinators/test_session_coordinator.py
ERROR tests/unit/agent/coordinators/test_state_coordinator_new.py
ERROR tests/unit/agent/coordinators/test_team_coordinator.py
ERROR tests/unit/agent/coordinators/test_tool_capability_coordinator.py
ERROR tests/unit/agent/coordinators/test_tool_execution_coordinator.py
ERROR tests/unit/agent/coordinators/test_tool_retry_coordinator.py
ERROR tests/unit/agent/coordinators/test_tool_selection_coordinator.py
ERROR tests/unit/agent/coordinators/test_validation_coordinator.py
ERROR tests/unit/agent/coordinators/test_workflow_coordinator.py
ERROR tests/unit/agent/improvement/test_proficiency_tracker.py
ERROR tests/unit/agent/memory/test_episodic_memory.py
ERROR tests/unit/agent/multimodal/test_audio_agent.py
ERROR tests/unit/agent/multimodal/test_vision_agent.py
ERROR tests/unit/agent/planning/test_hierarchical_planner.py
ERROR tests/unit/agent/provider_switch_coordinator/test_provider_switch_coordinator.py
ERROR tests/unit/agent/test_budget_manager.py
ERROR tests/unit/agent/test_config_workflow_builder.py
ERROR tests/unit/agent/test_context_intelligence_builder.py
ERROR tests/unit/agent/test_conversation_manager.py
ERROR tests/unit/agent/test_orchestrator_core.py
ERROR tests/unit/agent/test_orchestrator_factory_comprehensive.py
ERROR tests/unit/agent/test_orchestrator_performance.py
ERROR tests/unit/agent/test_orchestrator_repeat_failures.py
ERROR tests/unit/agent/test_orchestrator_stream_tool_calls.py
ERROR tests/unit/agent/test_profile_switching.py
ERROR tests/unit/agent/test_prompting_builder.py
ERROR tests/unit/agent/test_provider_coordinator.py
ERROR tests/unit/agent/test_provider_manager.py
ERROR tests/unit/agent/test_recovery_coordinator_di.py
ERROR tests/unit/agent/test_recovery_observability_builder.py
ERROR tests/unit/agent/test_task_coordinator_di.py
ERROR tests/unit/agent/test_tool_coordinator.py
ERROR tests/unit/agent/test_tool_selection_coordinator.py
ERROR tests/unit/agent/test_workflow_memory_builder.py
ERROR tests/unit/benchmark/test_benchmark_cli.py
ERROR tests/unit/chunker/test_chunk_generator_di.py
ERROR tests/unit/classification/test_goal_inference.py
ERROR tests/unit/coordinators/test_conversation_coordinator.py
ERROR tests/unit/coordinators/test_search_coordinator.py
ERROR tests/unit/coordinators/test_team_coordinator.py
ERROR tests/unit/core/test_helper_services.py
ERROR tests/unit/core/test_stream_chat_harness.py
ERROR tests/unit/providers/test_provider_components.py
ERROR tests/unit/providers/test_provider_runtime_capabilities.py
ERROR tests/unit/tools/caches/test_integration.py
ERROR tests/unit/tools/test_keyword_tool_selector.py
ERROR tests/unit/tools/test_tool_access_controller.py
ERROR tests/unit/tools/test_tool_cache_integration.py
ERROR tests/unit/tools/test_tool_cache_invalidation.py
ERROR tests/unit/tools/test_tool_dependency_planning.py
ERROR tests/unit/tools/test_tool_planner_di.py
ERROR tests/unit/tools/test_tool_selection_fallback.py
ERROR tests/utils/test_helpers.py
!!!!!!!!!!!!!!!!!!! Interrupted: 82 errors during collection !!!!!!!!!!!!!!!!!!!
========== 4 skipped, 39 deselected, 23 warnings, 82 errors in 22.68s ==========
