============================= test session starts ==============================
platform darwin -- Python 3.12.6, pytest-9.0.2, pluggy-1.6.0 -- /Users/vijaysingh/code/.venv/bin/python3.12
cachedir: .pytest_cache
benchmark: 5.2.3 (defaults: timer=time.perf_counter disable_gc=False min_rounds=5 min_time=0.000005 max_time=1.0 calibration_precision=10 warmup=False warmup_iterations=100000)
metadata: {'Python': '3.12.6', 'Platform': 'macOS-26.2-arm64-arm-64bit', 'Packages': {'pytest': '9.0.2', 'pluggy': '1.6.0'}, 'Plugins': {'anyio': '4.12.1', 'benchmark': '5.2.3', 'respx': '0.22.0', 'mock': '3.15.1', 'json-report': '1.5.0', 'metadata': '3.1.1', 'asyncio': '1.3.0', 'locust': '2.43.1', 'cov': '7.0.0'}, 'JAVA_HOME': '/Library/Java/JavaVirtualMachines/jdk-19.jdk/Contents/Home'}
rootdir: /Users/vijaysingh/code/codingagent
configfile: pytest.ini (WARNING: ignoring pytest config in pyproject.toml!)
plugins: anyio-4.12.1, benchmark-5.2.3, respx-0.22.0, mock-3.15.1, json-report-1.5.0, metadata-3.1.1, asyncio-1.3.0, locust-2.43.1, cov-7.0.0
asyncio: mode=Mode.AUTO, debug=False, asyncio_default_fixture_loop_scope=function, asyncio_default_test_loop_scope=function
collecting ... collected 2613 items / 14 deselected / 2 skipped / 2599 selected

tests/integration/agent/improvement/test_rl_integration.py::TestProficiencyTrackerIntegration::test_tracker_with_orchestrator_outcomes PASSED [  0%]
tests/integration/agent/improvement/test_rl_integration.py::TestProficiencyTrackerIntegration::test_tracker_moving_average_calculation PASSED [  0%]
tests/integration/agent/improvement/test_rl_integration.py::TestProficiencyTrackerIntegration::test_tracker_trend_detection PASSED [  0%]
tests/integration/agent/improvement/test_rl_integration.py::TestProficiencyTrackerIntegration::test_tracker_improvement_suggestions PASSED [  0%]
tests/integration/agent/improvement/test_rl_integration.py::TestProficiencyTrackerIntegration::test_trajectory_snapshot_recording PASSED [  0%]
tests/integration/agent/improvement/test_rl_integration.py::TestProficiencyTrackerIntegration::test_export_proficiency_metrics PASSED [  0%]
tests/integration/agent/improvement/test_rl_integration.py::TestRLCoordinatorIntegration::test_q_learning_update PASSED [  0%]
tests/integration/agent/improvement/test_rl_integration.py::TestRLCoordinatorIntegration::test_experience_replay_buffer PASSED [  0%]
tests/integration/agent/improvement/test_rl_integration.py::TestRLCoordinatorIntegration::test_action_selection_with_exploration PASSED [  0%]
tests/integration/agent/improvement/test_rl_integration.py::TestRLCoordinatorIntegration::test_policy_statistics_tracking PASSED [  0%]
tests/integration/agent/improvement/test_rl_integration.py::TestRLCoordinatorIntegration::test_reward_computation_from_task_result PASSED [  0%]
tests/integration/agent/improvement/test_rl_integration.py::TestRLCoordinatorIntegration::test_policy_persistence PASSED [  0%]
tests/integration/agent/improvement/test_rl_integration.py::TestRLCoordinatorIntegration::test_reinforce_algorithm PASSED [  0%]
tests/integration/agent/improvement/test_rl_integration.py::TestSelfImprovementWorkflow::test_complete_improvement_loop PASSED [  0%]
tests/integration/agent/improvement/test_rl_integration.py::TestSelfImprovementWorkflow::test_multi_tool_comparison_learning PASSED [  0%]
tests/integration/agent/improvement/test_rl_integration.py::TestSelfImprovementWorkflow::test_adaptive_exploration_decay PASSED [  0%]
tests/integration/agent/improvement/test_rl_integration.py::TestSelfImprovementWorkflow::test_improvement_trajectory_tracking PASSED [  0%]
tests/integration/agent/improvement/test_rl_integration.py::TestSelfImprovementWorkflow::test_reward_shaping_with_proficiency PASSED [  0%]
tests/integration/agent/improvement/test_rl_integration.py::TestIntegrationEdgeCases::test_tracker_with_no_data PASSED [  0%]
tests/integration/agent/improvement/test_rl_integration.py::TestIntegrationEdgeCases::test_rl_coordinator_with_new_state PASSED [  0%]
tests/integration/agent/improvement/test_rl_integration.py::TestIntegrationEdgeCases::test_tracker_reset_functionality PASSED [  0%]
tests/integration/agent/improvement/test_rl_integration.py::TestIntegrationEdgeCases::test_rl_coordinator_reset PASSED [  0%]
tests/integration/agent/memory/test_memory_integration.py::TestMemoryInteraction::test_episodic_semantic_bidirectional_flow PASSED [  0%]
tests/integration/agent/memory/test_memory_integration.py::TestMemoryInteraction::test_cross_memory_context_sharing PASSED [  0%]
tests/integration/agent/memory/test_memory_integration.py::TestMemoryInteraction::test_memory_system_consistency PASSED [  0%]
tests/integration/agent/memory/test_memory_integration.py::TestMemoryConsolidation::test_episode_to_knowledge_extraction PASSED [  1%]
tests/integration/agent/memory/test_memory_integration.py::TestMemoryConsolidation::test_consolidation_threshold_behavior PASSED [  1%]
tests/integration/agent/memory/test_memory_integration.py::TestMemoryConsolidation::test_pattern_based_consolidation PASSED [  1%]
tests/integration/agent/memory/test_memory_integration.py::TestMemoryRecall::test_semantic_recall_accuracy PASSED [  1%]
tests/integration/agent/memory/test_memory_integration.py::TestMemoryRecall::test_episodic_recall_with_embeddings PASSED [  1%]
tests/integration/agent/memory/test_memory_integration.py::TestMemoryRecall::test_hybrid_recall_strategy PASSED [  1%]
tests/integration/agent/memory/test_memory_integration.py::TestMemoryPersistence::test_json_export_import PASSED [  1%]
tests/integration/agent/memory/test_memory_integration.py::TestMemoryPersistence::test_sqlite_persistence PASSED [  1%]
tests/integration/agent/memory/test_memory_integration.py::TestMemoryPersistence::test_memory_recovery_after_failure PASSED [  1%]
tests/integration/agent/multimodal/test_multimodal_integration.py::TestVisionAgentIntegration::test_vision_with_mock_provider PASSED [  1%]
tests/integration/agent/multimodal/test_multimodal_integration.py::TestVisionAgentIntegration::test_vision_workflow_complete PASSED [  1%]
tests/integration/agent/multimodal/test_multimodal_integration.py::TestVisionAgentIntegration::test_vision_different_providers PASSED [  1%]
tests/integration/agent/multimodal/test_multimodal_integration.py::TestVisionAgentIntegration::test_vision_error_handling PASSED [  1%]
tests/integration/agent/multimodal/test_multimodal_integration.py::TestVisionAgentIntegration::test_vision_with_real_image_file PASSED [  1%]
tests/integration/agent/multimodal/test_multimodal_integration.py::TestAudioAgentIntegration::test_audio_with_mock_provider PASSED [  1%]
tests/integration/agent/multimodal/test_multimodal_integration.py::TestAudioAgentIntegration::test_audio_workflow_complete PASSED [  1%]
tests/integration/agent/multimodal/test_multimodal_integration.py::TestAudioAgentIntegration::test_audio_different_formats PASSED [  1%]
tests/integration/agent/multimodal/test_multimodal_integration.py::TestAudioAgentIntegration::test_audio_error_handling PASSED [  1%]
tests/integration/agent/multimodal/test_multimodal_integration.py::TestMultimodalOrchestratorIntegration::test_vision_with_orchestrator PASSED [  1%]
tests/integration/agent/multimodal/test_multimodal_integration.py::TestMultimodalOrchestratorIntegration::test_audio_with_orchestrator PASSED [  1%]
tests/integration/agent/multimodal/test_multimodal_integration.py::TestMultimodalOrchestratorIntegration::test_multimodal_workflow PASSED [  1%]
tests/integration/agent/multimodal/test_multimodal_integration.py::TestMultimodalOrchestratorIntegration::test_multimodal_document_analysis PASSED [  1%]
tests/integration/agent/multimodal/test_multimodal_integration.py::TestMultimodalWorkflowIntegration::test_multimodal_in_stategraph PASSED [  1%]
tests/integration/agent/multimodal/test_multimodal_integration.py::TestMultimodalWorkflowIntegration::test_multimodal_parallel_workflow PASSED [  1%]
tests/integration/agent/multimodal/test_multimodal_integration.py::TestMultimodalErrorRecovery::test_vision_retries_on_failure PASSED [  1%]
tests/integration/agent/multimodal/test_multimodal_integration.py::TestMultimodalErrorRecovery::test_audio_fallback_on_provider_unavailable PASSED [  1%]
tests/integration/agent/multimodal/test_multimodal_integration.py::TestMultimodalPerformance::test_vision_large_image PASSED [  2%]
tests/integration/agent/multimodal/test_multimodal_integration.py::TestMultimodalPerformance::test_audio_multiple_files PASSED [  2%]
tests/integration/agent/multimodal/test_multimodal_integration.py::TestMultimodalRealWorldScenarios::test_analyze_screenshot PASSED [  2%]
tests/integration/agent/multimodal/test_multimodal_integration.py::TestMultimodalRealWorldScenarios::test_transcribe_meeting_recording PASSED [  2%]
tests/integration/agent/multimodal/test_multimodal_integration.py::TestMultimodalRealWorldScenarios::test_analyze_data_visualization PASSED [  2%]
tests/integration/agent/multimodal/test_multimodal_skills_integration.py::test_vision_agent_discovers_analysis_skills FAILED [  2%]
tests/integration/agent/multimodal/test_multimodal_skills_integration.py::test_vision_agent_multistep_analysis_with_skill_chaining ERROR [  2%]
tests/integration/agent/multimodal/test_multimodal_skills_integration.py::test_audio_agent_transcription_with_postprocessing ERROR [  2%]
tests/integration/agent/multimodal/test_multimodal_skills_integration.py::test_multimodal_skill_transfer_vision_to_audio FAILED [  2%]
tests/integration/agent/multimodal/test_multimodal_skills_integration.py::test_complex_multimodal_task_with_composed_skills ERROR [  2%]
tests/integration/agent/multimodal/test_multimodal_skills_integration.py::test_dynamic_skill_adaptation_based_on_content FAILED [  2%]
tests/integration/agent/multimodal/test_multimodal_skills_integration.py::test_multimodal_skill_performance_under_load ERROR [  2%]
tests/integration/agent/multimodal/test_multimodal_skills_integration.py::test_multimodal_skill_caching_and_reuse FAILED [  2%]
tests/integration/agent/personas/test_persona_integration.py::TestPersonaOrchestratorIntegration::test_persona_with_orchestrator_initialization PASSED [  2%]
tests/integration/agent/personas/test_persona_integration.py::TestPersonaOrchestratorIntegration::test_persona_modifies_system_prompt PASSED [  2%]
tests/integration/agent/personas/test_persona_integration.py::TestPersonaOrchestratorIntegration::test_persona_constraints_affect_tool_selection PASSED [  2%]
tests/integration/agent/personas/test_persona_integration.py::TestPersonaOrchestratorIntegration::test_persona_in_orchestrator_chat SKIPPED [  2%]
tests/integration/agent/personas/test_persona_integration.py::TestPersonaConversationIntegration::test_persona_in_conversation_context PASSED [  2%]
tests/integration/agent/personas/test_persona_integration.py::TestPersonaConversationIntegration::test_persona_switching_mid_conversation PASSED [  2%]
tests/integration/agent/personas/test_persona_integration.py::TestPersonaConversationIntegration::test_persona_persistence_across_sessions PASSED [  2%]
tests/integration/agent/personas/test_persona_integration.py::TestPersonaWorkflowIntegration::test_persona_in_workflow_definition PASSED [  2%]
tests/integration/agent/personas/test_persona_integration.py::TestPersonaWorkflowIntegration::test_persona_adaptation_for_workflow_stages PASSED [  2%]
tests/integration/agent/personas/test_persona_integration.py::TestPersonaWorkflowIntegration::test_persona_workflow_execution SKIPPED [  2%]
tests/integration/agent/personas/test_persona_integration.py::TestPersonaFeedbackIntegration::test_feedback_updates_persona_in_repository PASSED [  2%]
tests/integration/agent/personas/test_persona_integration.py::TestPersonaFeedbackIntegration::test_feedback_from_multiple_users FAILED [  2%]
tests/integration/agent/personas/test_persona_integration.py::TestPersonaFeedbackIntegration::test_low_rating_triggers_review FAILED [  2%]
tests/integration/agent/personas/test_persona_integration.py::TestPersonaCustomization::test_create_domain_specific_persona PASSED [  3%]
tests/integration/agent/personas/test_persona_integration.py::TestPersonaCustomization::test_create_role_based_persona PASSED [  3%]
tests/integration/agent/personas/test_persona_integration.py::TestPersonaCustomization::test_clone_and_modify_persona PASSED [  3%]
tests/integration/agent/personas/test_persona_integration.py::TestPersonaScalability::test_multiple_concurrent_adaptations PASSED [  3%]
tests/integration/agent/personas/test_persona_integration.py::TestPersonaScalability::test_large_persona_library PASSED [  3%]
tests/integration/agent/personas/test_persona_integration.py::TestPersonaScalability::test_persona_search_performance PASSED [  3%]
tests/integration/agent/personas/test_persona_integration.py::TestPersonaErrorHandling::test_handle_invalid_persona_id PASSED [  3%]
tests/integration/agent/personas/test_persona_integration.py::TestPersonaErrorHandling::test_handle_corrupt_feedback PASSED [  3%]
tests/integration/agent/personas/test_persona_integration.py::TestPersonaErrorHandling::test_handle_import_export_errors PASSED [  3%]
tests/integration/agent/personas/test_persona_memory_integration.py::test_persona_adapts_based_on_episodic_memory FAILED [  3%]
tests/integration/agent/personas/test_persona_memory_integration.py::test_persona_uses_semantic_memory_for_knowledge_retrieval ERROR [  3%]
tests/integration/agent/personas/test_persona_memory_integration.py::test_persona_evolution_based_on_feedback_and_outcomes FAILED [  3%]
tests/integration/agent/personas/test_persona_memory_integration.py::test_cross_system_event_propagation ERROR [  3%]
tests/integration/agent/personas/test_persona_memory_integration.py::test_persona_memory_performance_under_load ERROR [  3%]
tests/integration/agent/personas/test_persona_memory_integration.py::test_memory_guided_persona_selection FAILED [  3%]
tests/integration/agent/planning/test_planning_integration.py::TestTaskDecompositionE2E::test_decompose_simple_task_e2e PASSED [  3%]
tests/integration/agent/planning/test_planning_integration.py::TestTaskDecompositionE2E::test_decompose_complex_task_e2e PASSED [  3%]
tests/integration/agent/planning/test_planning_integration.py::TestTaskDecompositionE2E::test_decompose_with_context_e2e PASSED [  3%]
tests/integration/agent/planning/test_planning_integration.py::TestPlanExecutionWithOrchestrator::test_execute_sequential_plan PASSED [  3%]
tests/integration/agent/planning/test_planning_integration.py::TestPlanExecutionWithOrchestrator::test_execute_parallel_plan PASSED [  3%]
tests/integration/agent/planning/test_planning_integration.py::TestPlanExecutionWithOrchestrator::test_execute_plan_with_tool_integration PASSED [  3%]
tests/integration/agent/planning/test_planning_integration.py::TestReplanningAfterFailures::test_replan_after_single_failure FAILED [  3%]
tests/integration/agent/planning/test_planning_integration.py::TestReplanningAfterFailures::test_replan_after_multiple_failures PASSED [  3%]
tests/integration/agent/planning/test_planning_integration.py::TestReplanningAfterFailures::test_replan_with_recovery FAILED [  3%]
tests/integration/agent/planning/test_planning_integration.py::TestMultiAgentCoordination::test_coordinate_specialized_agents PASSED [  3%]
tests/integration/agent/planning/test_planning_integration.py::TestMultiAgentCoordination::test_parallel_agent_execution PASSED [  3%]
tests/integration/agent/planning/test_planning_integration.py::TestMultiAgentCoordination::test_agent_handoff_workflow PASSED [  4%]
tests/integration/agent/planning/test_planning_integration.py::TestPerformanceBenchmarks::test_large_graph_decomposition_performance PASSED [  4%]
tests/integration/agent/planning/test_planning_integration.py::TestPerformanceBenchmarks::test_cache_performance_benefit PASSED [  4%]
tests/integration/agent/planning/test_planning_integration.py::TestPerformanceBenchmarks::test_parallel_task_identification_performance PASSED [  4%]
tests/integration/agent/planning/test_planning_integration.py::TestPlanningEdgeCases::test_empty_task_list PASSED [  4%]
tests/integration/agent/planning/test_planning_integration.py::TestPlanningEdgeCases::test_single_task_plan PASSED [  4%]
tests/integration/agent/planning/test_planning_integration.py::TestPlanningEdgeCases::test_circular_dependency_detection FAILED [  4%]
tests/integration/agent/planning/test_planning_integration.py::TestPlanningEdgeCases::test_complexity_estimation_consistency PASSED [  4%]
tests/integration/agent/planning/test_planning_integration.py::TestPlanningEdgeCases::test_event_emission_integration PASSED [  4%]
tests/integration/agent/skills/test_skill_chaining.py::TestSkillChainPlanning::test_plan_chain_basic PASSED [  4%]
tests/integration/agent/skills/test_skill_chaining.py::TestSkillChainPlanning::test_plan_chain_with_goal_matching PASSED [  4%]
tests/integration/agent/skills/test_skill_chaining.py::TestSkillChainPlanning::test_plan_chain_no_matching_skills PASSED [  4%]
tests/integration/agent/skills/test_skill_chaining.py::TestSkillChainPlanning::test_plan_chain_max_steps_limit PASSED [  4%]
tests/integration/agent/skills/test_skill_chaining.py::TestSkillChainPlanning::test_plan_chain_publishes_event PASSED [  4%]
tests/integration/agent/skills/test_skill_chaining.py::TestSkillChainPlanning::test_plan_chain_with_context PASSED [  4%]
tests/integration/agent/skills/test_skill_chaining.py::TestSkillChainExecution::test_execute_chain_basic PASSED [  4%]
tests/integration/agent/skills/test_skill_chaining.py::TestSkillChainExecution::test_execute_chain_with_dependencies PASSED [  4%]
tests/integration/agent/skills/test_skill_chaining.py::TestSkillChainExecution::test_execute_chain_parallel PASSED [  4%]
tests/integration/agent/skills/test_skill_chaining.py::TestSkillChainExecution::test_execute_chain_status_completed PASSED [  4%]
tests/integration/agent/skills/test_skill_chaining.py::TestSkillChainExecution::test_execute_chain_with_failures PASSED [  4%]
tests/integration/agent/skills/test_skill_chaining.py::TestSkillChainExecution::test_execute_chain_metrics FAILED [  4%]
tests/integration/agent/skills/test_skill_chaining.py::TestSkillChainExecution::test_execute_chain_prevents_double_execution PASSED [  4%]
tests/integration/agent/skills/test_skill_chaining.py::TestSkillChainValidation::test_validate_chain_valid PASSED [  4%]
tests/integration/agent/skills/test_skill_chaining.py::TestSkillChainValidation::test_validate_chain_with_cycles PASSED [  4%]
tests/integration/agent/skills/test_skill_chaining.py::TestSkillChainValidation::test_validate_chain_missing_dependency PASSED [  4%]
tests/integration/agent/skills/test_skill_chaining.py::TestSkillChainValidation::test_validate_chain_empty PASSED [  4%]
tests/integration/agent/skills/test_skill_chaining.py::TestSkillChainValidation::test_validate_chain_orphaned_steps PASSED [  5%]
tests/integration/agent/skills/test_skill_chaining.py::TestSkillChainOptimization::test_optimize_chain_remove_redundant PASSED [  5%]
tests/integration/agent/skills/test_skill_chaining.py::TestSkillChainOptimization::test_optimize_chain_parallelize PASSED [  5%]
tests/integration/agent/skills/test_skill_chaining.py::TestSkillChainOptimization::test_optimize_chain_both_strategies PASSED [  5%]
tests/integration/agent/skills/test_skill_chaining.py::TestSkillChainOptimization::test_optimize_chain_publishes_event PASSED [  5%]
tests/integration/agent/skills/test_skill_chaining.py::TestSkillChainAlternatives::test_suggest_chain_alternatives_basic PASSED [  5%]
tests/integration/agent/skills/test_skill_chaining.py::TestSkillChainAlternatives::test_suggest_alternatives_parallel_variant PASSED [  5%]
tests/integration/agent/skills/test_skill_chaining.py::TestSkillChainAlternatives::test_suggest_alternatives_different_skills PASSED [  5%]
tests/integration/agent/skills/test_skill_chaining.py::TestSkillChainIntegration::test_full_workflow_plan_validate_optimize_execute FAILED [  5%]
tests/integration/agent/skills/test_skill_chaining.py::TestSkillChainIntegration::test_workflow_with_real_tools PASSED [  5%]
tests/integration/agent/skills/test_skill_chaining.py::TestSkillChainIntegration::test_error_handling_in_workflow PASSED [  5%]
tests/integration/agent/skills/test_skill_chaining_integration.py::TestEndToEndSkillDiscovery::test_discover_to_skill_composition_workflow PASSED [  5%]
tests/integration/agent/skills/test_skill_chaining_integration.py::TestEndToEndSkillDiscovery::test_multi_skill_discovery_and_ranking PASSED [  5%]
tests/integration/agent/skills/test_skill_chaining_integration.py::TestSkillChainPlanningAndExecution::test_plan_and_execute_simple_chain PASSED [  5%]
tests/integration/agent/skills/test_skill_chaining_integration.py::TestSkillChainPlanningAndExecution::test_plan_chain_with_dependencies PASSED [  5%]
tests/integration/agent/skills/test_skill_chaining_integration.py::TestSkillChainPlanningAndExecution::test_execute_chain_with_parallel_steps PASSED [  5%]
tests/integration/agent/skills/test_skill_chaining_integration.py::TestSkillChainWithRealTools::test_chain_with_real_tool_execution PASSED [  5%]
tests/integration/agent/skills/test_skill_chaining_integration.py::TestSkillChainWithRealTools::test_chain_with_stategraph_execution PASSED [  5%]
tests/integration/agent/skills/test_skill_chaining_integration.py::TestSkillChainWithRealTools::test_chain_with_error_recovery PASSED [  5%]
tests/integration/agent/skills/test_skill_chaining_integration.py::TestSkillChainingPerformance::test_skill_discovery_performance PASSED [  5%]
tests/integration/agent/skills/test_skill_chaining_integration.py::TestSkillChainingPerformance::test_chain_execution_performance PASSED [  5%]
tests/integration/agent/skills/test_skill_chaining_integration.py::TestSkillChainingEdgeCases::test_empty_goal_handling PASSED [  5%]
tests/integration/agent/skills/test_skill_chaining_integration.py::TestSkillChainingEdgeCases::test_large_chain_performance PASSED [  5%]
tests/integration/agent/test_agentic_integration.py::TestServiceRegistration::test_hierarchical_planner_not_registered_by_default FAILED [  5%]
tests/integration/agent/test_agentic_integration.py::TestServiceRegistration::test_hierarchical_planner_registered_when_enabled FAILED [  5%]
tests/integration/agent/test_agentic_integration.py::TestServiceRegistration::test_episodic_memory_registered_when_enabled FAILED [  5%]
tests/integration/agent/test_agentic_integration.py::TestServiceRegistration::test_semantic_memory_registered_when_enabled FAILED [  6%]
tests/integration/agent/test_agentic_integration.py::TestServiceRegistration::test_skill_discovery_registered_when_enabled FAILED [  6%]
tests/integration/agent/test_agentic_integration.py::TestServiceRegistration::test_skill_chainer_registered_when_enabled FAILED [  6%]
tests/integration/agent/test_agentic_integration.py::TestServiceRegistration::test_proficiency_tracker_registered_when_enabled FAILED [  6%]
tests/integration/agent/test_agentic_integration.py::TestServiceRegistration::test_rl_coordinator_registered_when_enabled FAILED [  6%]
tests/integration/agent/test_agentic_integration.py::TestHierarchicalPlanning::test_decompose_task ERROR [  6%]
tests/integration/agent/test_agentic_integration.py::TestHierarchicalPlanning::test_validate_plan ERROR [  6%]
tests/integration/agent/test_agentic_integration.py::TestEpisodicMemory::test_store_and_recall_episode ERROR [  6%]
tests/integration/agent/test_agentic_integration.py::TestSemanticMemory::test_store_and_query_knowledge ERROR [  6%]
tests/integration/agent/test_agentic_integration.py::TestSkillDiscovery::test_discover_tools ERROR [  6%]
tests/integration/agent/test_agentic_integration.py::TestSkillDiscovery::test_compose_skill ERROR [  6%]
tests/integration/agent/test_agentic_integration.py::TestSkillChaining::test_plan_chain ERROR [  6%]
tests/integration/agent/test_agentic_integration.py::TestSkillChaining::test_validate_chain ERROR [  6%]
tests/integration/agent/test_agentic_integration.py::TestProficiencyTracker::test_record_outcome ERROR [  6%]
tests/integration/agent/test_agentic_integration.py::TestRLCoordinator::test_select_action ERROR [  6%]
tests/integration/agent/test_agentic_integration.py::TestRLCoordinator::test_update_policy ERROR [  6%]
tests/integration/agent/test_agentic_integration.py::TestEndToEndWorkflows::test_memory_consolidation_workflow ERROR [  6%]
tests/integration/agent/test_agentic_integration.py::TestEndToEndWorkflows::test_skill_discovery_and_chaining_workflow ERROR [  6%]
tests/integration/agent/test_agentic_integration.py::TestEndToEndWorkflows::test_self_improvement_workflow ERROR [  6%]
tests/integration/agent/test_agentic_integration.py::TestBackwardCompatibility::test_default_settings_have_features_disabled PASSED [  6%]
tests/integration/agent/test_agentic_integration.py::TestBackwardCompatibility::test_container_works_without_agentic_features FAILED [  6%]
tests/integration/agent/test_agentic_integration.py::TestFeatureFlags::test_individual_feature_flags FAILED [  6%]
tests/integration/agent/test_agentic_integration.py::TestConfiguration::test_hierarchical_planning_settings FAILED [  6%]
tests/integration/agent/test_agentic_integration.py::TestConfiguration::test_memory_settings FAILED [  6%]
tests/integration/agent/test_agentic_integration.py::TestAgenticAIMarks::test_marked_test ERROR [  6%]
tests/integration/agent/test_analytics_integration.py::TestAnalyticsCoordinatorDelegation::test_orchestrator_has_analytics_coordinator SKIPPED [  6%]
tests/integration/agent/test_analytics_integration.py::TestAnalyticsCoordinatorDelegation::test_finalize_stream_metrics_delegates_to_coordinator SKIPPED [  7%]
tests/integration/agent/test_analytics_integration.py::TestAnalyticsCoordinatorDelegation::test_get_last_stream_metrics_delegates_to_coordinator SKIPPED [  7%]
tests/integration/agent/test_analytics_integration.py::TestAnalyticsCoordinatorDelegation::test_get_streaming_metrics_summary_delegates_to_coordinator SKIPPED [  7%]
tests/integration/agent/test_analytics_integration.py::TestAnalyticsCoordinatorDelegation::test_get_session_cost_summary_delegates_to_coordinator SKIPPED [  7%]
tests/integration/agent/test_analytics_integration.py::TestAnalyticsCoordinatorDelegation::test_get_session_stats_delegates_to_coordinator SKIPPED [  7%]
tests/integration/agent/test_analytics_part3.py::TestSessionStatsIntegration::test_get_session_stats_with_memory_manager_enabled PASSED [  7%]
tests/integration/agent/test_analytics_part3.py::TestSessionStatsIntegration::test_get_session_stats_without_memory_manager PASSED [  7%]
tests/integration/agent/test_analytics_part3.py::TestSessionStatsIntegration::test_get_session_stats_with_invalid_session_id PASSED [  7%]
tests/integration/agent/test_analytics_part3.py::TestFlushAnalyticsIntegration::test_flush_analytics_calls_evaluation_coordinator PASSED [  7%]
tests/integration/agent/test_analytics_part3.py::TestFlushAnalyticsIntegration::test_flush_analytics_returns_success_dict PASSED [  7%]
tests/integration/agent/test_analytics_part3.py::TestFlushAnalyticsIntegration::test_flush_analytics_handles_exporter_errors PASSED [  7%]
tests/integration/agent/test_analytics_part3.py::TestFlushAnalyticsIntegration::test_flush_analytics_with_no_exporters PASSED [  7%]
tests/integration/agent/test_chain_execution.py::TestChainDecoratorRegistration::test_chain_decorator_registers_factory_in_global_registry PASSED [  7%]
tests/integration/agent/test_chain_execution.py::TestChainDecoratorRegistration::test_chain_decorator_creates_working_runnable PASSED [  7%]
tests/integration/agent/test_chain_execution.py::TestChainDecoratorRegistration::test_chain_decorator_factory_creates_executable_chain PASSED [  7%]
tests/integration/agent/test_chain_execution.py::TestChainDecoratorRegistration::test_multiple_chains_same_vertical PASSED [  7%]
tests/integration/agent/test_chain_execution.py::TestChainDecoratorRegistration::test_chains_different_verticals PASSED [  7%]
tests/integration/agent/test_chain_execution.py::TestChainRetrieval::test_get_chain_by_name_only PASSED [  7%]
tests/integration/agent/test_chain_execution.py::TestChainRetrieval::test_get_chain_by_name_and_vertical PASSED [  7%]
tests/integration/agent/test_chain_execution.py::TestChainRetrieval::test_get_chain_returns_none_for_missing PASSED [  7%]
tests/integration/agent/test_chain_execution.py::TestChainRetrieval::test_create_chain_from_factory PASSED [  7%]
tests/integration/agent/test_chain_execution.py::TestChainRetrieval::test_create_chain_with_colon_format PASSED [  7%]
tests/integration/agent/test_chain_execution.py::TestChainFactoryPatterns::test_factory_creates_sequence_chain PASSED [  7%]
tests/integration/agent/test_chain_execution.py::TestChainFactoryPatterns::test_factory_creates_parallel_chain PASSED [  7%]
tests/integration/agent/test_chain_execution.py::TestChainFactoryPatterns::test_factory_creates_branch_chain PASSED [  7%]
tests/integration/agent/test_chain_execution.py::TestChainFactoryPatterns::test_factory_creates_complex_composed_chain PASSED [  7%]
tests/integration/agent/test_chain_execution.py::TestYAMLWorkflowChainReferences::test_chain_handler_prefix_parsing PASSED [  8%]
tests/integration/agent/test_chain_execution.py::TestYAMLWorkflowChainReferences::test_chain_registry_integration_for_workflow_handler PASSED [  8%]
tests/integration/agent/test_chain_execution.py::TestYAMLWorkflowChainReferences::test_chain_not_found_for_workflow_handler PASSED [  8%]
tests/integration/agent/test_chain_execution.py::TestYAMLWorkflowChainReferences::test_workflow_style_chain_composition PASSED [  8%]
tests/integration/agent/test_chain_execution.py::TestEndToEndChainExecution::test_simple_chain_execution_end_to_end PASSED [  8%]
tests/integration/agent/test_chain_execution.py::TestEndToEndChainExecution::test_chained_transformations_end_to_end PASSED [  8%]
tests/integration/agent/test_chain_execution.py::TestEndToEndChainExecution::test_parallel_execution_with_aggregation_end_to_end PASSED [  8%]
tests/integration/agent/test_chain_execution.py::TestEndToEndChainExecution::test_conditional_routing_end_to_end PASSED [  8%]
tests/integration/agent/test_chain_execution.py::TestRealisticChainExamples::test_code_review_pipeline_chain PASSED [  8%]
tests/integration/agent/test_chain_execution.py::TestRealisticChainExamples::test_document_processing_chain PASSED [  8%]
tests/integration/agent/test_chain_execution.py::TestRealisticChainExamples::test_research_synthesis_chain PASSED [  8%]
tests/integration/agent/test_chain_execution.py::TestRegistryMetadataAndDiscovery::test_discover_chains_by_vertical PASSED [  8%]
tests/integration/agent/test_chain_execution.py::TestRegistryMetadataAndDiscovery::test_discover_chains_by_tags PASSED [  8%]
tests/integration/agent/test_chain_execution.py::TestRegistryMetadataAndDiscovery::test_registry_serialization PASSED [  8%]
tests/integration/agent/test_chain_execution.py::TestConcurrentChainAccess::test_concurrent_chain_creation PASSED [  8%]
tests/integration/agent/test_chain_execution.py::TestConcurrentChainAccess::test_concurrent_registration_and_retrieval PASSED [  8%]
tests/integration/agent/test_chain_execution.py::TestChainErrorHandling::test_chain_execution_error_propagates PASSED [  8%]
tests/integration/agent/test_chain_execution.py::TestChainErrorHandling::test_factory_error_raises_runtime_error PASSED [  8%]
tests/integration/agent/test_chain_execution.py::TestChainErrorHandling::test_partial_failure_in_parallel_chain PASSED [  8%]
tests/integration/agent/test_chain_execution.py::TestChainBindingAndConfiguration::test_chain_with_bound_arguments PASSED [  8%]
tests/integration/agent/test_chain_execution.py::TestChainBindingAndConfiguration::test_chain_with_config PASSED [  8%]
tests/integration/agent/test_cli_session_integration.py::TestCLISessionInitialization::test_full_session_initialization PASSED [  8%]
tests/integration/agent/test_cli_session_integration.py::TestCLISessionInitialization::test_session_with_custom_budget_and_iterations PASSED [  8%]
tests/integration/agent/test_cli_session_integration.py::TestCLISessionInitialization::test_session_with_vertical_integration PASSED [  8%]
tests/integration/agent/test_cli_session_integration.py::TestCLIMessageProcessing::test_streaming_message_processing PASSED [  8%]
tests/integration/agent/test_cli_session_integration.py::TestCLIMessageProcessing::test_non_streaming_message_processing PASSED [  8%]
tests/integration/agent/test_cli_session_integration.py::TestCLIMessageProcessing::test_concurrent_message_processing PASSED [  9%]
tests/integration/agent/test_cli_session_integration.py::TestCLISessionLifecycle::test_full_session_lifecycle PASSED [  9%]
tests/integration/agent/test_cli_session_integration.py::TestCLISessionLifecycle::test_session_cleanup_without_metrics PASSED [  9%]
tests/integration/agent/test_cli_session_integration.py::TestOneShotIntegration::test_oneshot_execute_full_flow PASSED [  9%]
tests/integration/agent/test_cli_session_integration.py::TestOneShotIntegration::test_oneshot_error_handling PASSED [  9%]
tests/integration/agent/test_cli_session_integration.py::TestCLIModeSwitching::test_mode_switch_during_initialization PASSED [  9%]
tests/integration/agent/test_cli_session_integration.py::TestCLIModeSwitching::test_invalid_mode_switch_handling PASSED [  9%]
tests/integration/agent/test_cli_session_integration.py::TestCLISessionPersistence::test_session_metrics_tracking PASSED [  9%]
tests/integration/agent/test_cli_session_integration.py::TestCLIErrorRecovery::test_recovery_from_streaming_error PASSED [  9%]
tests/integration/agent/test_cli_session_integration.py::TestCLIErrorRecovery::test_recovery_from_initialization_error PASSED [  9%]
tests/integration/agent/test_consolidation_integration.py::TestRegistryIntegration::test_base_registry_available_from_core PASSED [  9%]
tests/integration/agent/test_consolidation_integration.py::TestRegistryIntegration::test_iregistry_protocol_available PASSED [  9%]
tests/integration/agent/test_consolidation_integration.py::TestRegistryIntegration::test_base_registry_basic_operations PASSED [  9%]
tests/integration/agent/test_consolidation_integration.py::TestPromptBuilderIntegration::test_framework_exports_prompt_builder PASSED [  9%]
tests/integration/agent/test_consolidation_integration.py::TestPromptBuilderIntegration::test_prompt_section_exported PASSED [  9%]
tests/integration/agent/test_consolidation_integration.py::TestPromptBuilderIntegration::test_tool_hint_exported PASSED [  9%]
tests/integration/agent/test_consolidation_integration.py::TestPromptBuilderIntegration::test_prompt_builder_builds_valid_prompt PASSED [  9%]
tests/integration/agent/test_consolidation_integration.py::TestPromptBuilderIntegration::test_prompt_builder_fluent_api PASSED [  9%]
tests/integration/agent/test_consolidation_integration.py::TestPromptBuilderIntegration::test_prompt_builder_with_priorities PASSED [  9%]
tests/integration/agent/test_consolidation_integration.py::TestPromptBuilderIntegration::test_factory_functions_available PASSED [  9%]
tests/integration/agent/test_consolidation_integration.py::TestCoordinatorIntegration::test_tool_coordinator_protocol_importable PASSED [  9%]
tests/integration/agent/test_consolidation_integration.py::TestCoordinatorIntegration::test_state_coordinator_protocol_importable PASSED [  9%]
tests/integration/agent/test_consolidation_integration.py::TestCoordinatorIntegration::test_prompt_coordinator_protocol_importable PASSED [  9%]
tests/integration/agent/test_consolidation_integration.py::TestCoordinatorIntegration::test_tool_coordinator_importable PASSED [  9%]
tests/integration/agent/test_consolidation_integration.py::TestCoordinatorIntegration::test_state_coordinator_importable PASSED [  9%]
tests/integration/agent/test_consolidation_integration.py::TestCoordinatorIntegration::test_prompt_coordinator_importable PASSED [  9%]
tests/integration/agent/test_consolidation_integration.py::TestCoordinatorIntegration::test_tool_coordinator_config_importable PASSED [ 10%]
tests/integration/agent/test_consolidation_integration.py::TestCoordinatorIntegration::test_state_coordinator_config_importable PASSED [ 10%]
tests/integration/agent/test_consolidation_integration.py::TestCoordinatorIntegration::test_prompt_coordinator_config_importable PASSED [ 10%]
tests/integration/agent/test_consolidation_integration.py::TestQueryEnhancementIntegration::test_core_exports_pipeline PASSED [ 10%]
tests/integration/agent/test_consolidation_integration.py::TestQueryEnhancementIntegration::test_strategies_available PASSED [ 10%]
tests/integration/agent/test_consolidation_integration.py::TestQueryEnhancementIntegration::test_types_available PASSED [ 10%]
tests/integration/agent/test_consolidation_integration.py::TestQueryEnhancementIntegration::test_domain_configs_available PASSED [ 10%]
tests/integration/agent/test_consolidation_integration.py::TestQueryEnhancementIntegration::test_registry_available PASSED [ 10%]
tests/integration/agent/test_consolidation_integration.py::TestQueryEnhancementIntegration::test_entity_expand_strategy_works PASSED [ 10%]
tests/integration/agent/test_consolidation_integration.py::TestServiceProviderIntegration::test_service_provider_importable PASSED [ 10%]
tests/integration/agent/test_consolidation_integration.py::TestServiceProviderIntegration::test_configure_services_importable PASSED [ 10%]
tests/integration/agent/test_consolidation_integration.py::TestFrameworkPromptSectionsIntegration::test_grounding_rules_available PASSED [ 10%]
tests/integration/agent/test_consolidation_integration.py::TestFrameworkPromptSectionsIntegration::test_coding_sections_available PASSED [ 10%]
tests/integration/agent/test_consolidation_integration.py::TestFrameworkPromptSectionsIntegration::test_devops_sections_available PASSED [ 10%]
tests/integration/agent/test_consolidation_integration.py::TestFrameworkPromptSectionsIntegration::test_research_sections_available PASSED [ 10%]
tests/integration/agent/test_consolidation_integration.py::TestFrameworkPromptSectionsIntegration::test_data_analysis_sections_available PASSED [ 10%]
tests/integration/agent/test_consolidation_integration.py::TestConversationStateIntegration::test_conversation_stage_available PASSED [ 10%]
tests/integration/agent/test_consolidation_integration.py::TestConversationStateIntegration::test_conversation_state_available PASSED [ 10%]
tests/integration/agent/test_consolidation_integration.py::TestConversationStateIntegration::test_stage_order_available PASSED [ 10%]
tests/integration/agent/test_consolidation_integration.py::TestEndToEndIntegration::test_prompt_builder_with_vertical_sections PASSED [ 10%]
tests/integration/agent/test_consolidation_integration.py::TestEndToEndIntegration::test_query_enhancement_with_pipeline PASSED [ 10%]
tests/integration/agent/test_consolidation_integration.py::TestEndToEndIntegration::test_coordinators_can_be_instantiated PASSED [ 10%]
tests/integration/agent/test_critical_modules_multimodel.py::TestClassificationMultiModel::test_bugfix_classification_cross_family PASSED [ 10%]
tests/integration/agent/test_critical_modules_multimodel.py::TestClassificationMultiModel::test_complexity_classification_cross_family PASSED [ 10%]
tests/integration/agent/test_critical_modules_multimodel.py::TestChatCompletionMultiModel::test_simple_response_qwen_vs_deepseek PASSED [ 10%]
tests/integration/agent/test_critical_modules_multimodel.py::TestChatCompletionMultiModel::test_simple_response_alternate_families PASSED [ 10%]
tests/integration/agent/test_critical_modules_multimodel.py::TestChatCompletionMultiModel::test_code_generation_cross_family PASSED [ 11%]
tests/integration/agent/test_critical_modules_multimodel.py::TestStreamingMultiModel::test_streaming_qwen_vs_deepseek PASSED [ 11%]
tests/integration/agent/test_critical_modules_multimodel.py::TestStreamingMultiModel::test_streaming_gptoss_vs_devstral PASSED [ 11%]
tests/integration/agent/test_critical_modules_multimodel.py::TestTaskCompletionMultiModel::test_completion_signals_detected PASSED [ 11%]
tests/integration/agent/test_critical_modules_multimodel.py::TestTaskCompletionMultiModel::test_continuation_detected PASSED [ 11%]
tests/integration/agent/test_critical_modules_multimodel.py::TestMultiTurnMultiModel::test_context_retention_qwen PASSED [ 11%]
tests/integration/agent/test_critical_modules_multimodel.py::TestMultiTurnMultiModel::test_context_retention_deepseek PASSED [ 11%]
tests/integration/agent/test_critical_modules_multimodel.py::TestMultiTurnMultiModel::test_context_retention_mistral PASSED [ 11%]
tests/integration/agent/test_critical_modules_multimodel.py::TestToolCallingMultiModel::test_tool_support_detection_all_families PASSED [ 11%]
tests/integration/agent/test_critical_modules_multimodel.py::TestNormalizationMultiModel::test_verb_normalization_consistency PASSED [ 11%]
tests/integration/agent/test_critical_modules_multimodel.py::TestNormalizationMultiModel::test_deduplication_consistency PASSED [ 11%]
tests/integration/agent/test_critical_modules_multimodel.py::TestPerformanceMultiModel::test_response_time_comparison PASSED [ 11%]
tests/integration/agent/test_critical_modules_multimodel.py::TestErrorHandlingMultiModel::test_invalid_model_error_handling PASSED [ 11%]
tests/integration/agent/test_evaluation_orchestrator.py::TestOrchestratorConfig::test_default_config PASSED [ 11%]
tests/integration/agent/test_evaluation_orchestrator.py::TestOrchestratorConfig::test_custom_config PASSED [ 11%]
tests/integration/agent/test_evaluation_orchestrator.py::TestTaskProgress::test_default_progress PASSED [ 11%]
tests/integration/agent/test_evaluation_orchestrator.py::TestTaskProgress::test_progress_duration PASSED [ 11%]
tests/integration/agent/test_evaluation_orchestrator.py::TestTaskProgress::test_progress_is_success PASSED [ 11%]
tests/integration/agent/test_evaluation_orchestrator.py::TestTaskProgress::test_progress_to_dict PASSED [ 11%]
tests/integration/agent/test_evaluation_orchestrator.py::TestEvaluationSummary::test_default_summary PASSED [ 11%]
tests/integration/agent/test_evaluation_orchestrator.py::TestEvaluationSummary::test_summary_duration PASSED [ 11%]
tests/integration/agent/test_evaluation_orchestrator.py::TestEvaluationSummary::test_summary_to_dict PASSED [ 11%]
tests/integration/agent/test_evaluation_orchestrator.py::TestEvaluationSummary::test_summary_to_text PASSED [ 11%]
tests/integration/agent/test_evaluation_orchestrator.py::TestEvaluationOrchestrator::test_orchestrator_initialization PASSED [ 11%]
tests/integration/agent/test_evaluation_orchestrator.py::TestEvaluationOrchestrator::test_orchestrator_with_callback PASSED [ 11%]
tests/integration/agent/test_evaluation_orchestrator.py::TestEvaluationOrchestrator::test_run_single_task_success PASSED [ 11%]
tests/integration/agent/test_evaluation_orchestrator.py::TestEvaluationOrchestrator::test_run_task_environment_failure PASSED [ 12%]
tests/integration/agent/test_evaluation_orchestrator.py::TestEvaluationOrchestrator::test_run_task_baseline_failure PASSED [ 12%]
tests/integration/agent/test_evaluation_orchestrator.py::TestEvaluationOrchestrator::test_run_task_timeout PASSED [ 12%]
tests/integration/agent/test_evaluation_orchestrator.py::TestEvaluationOrchestrator::test_run_sequential PASSED [ 12%]
tests/integration/agent/test_evaluation_orchestrator.py::TestEvaluationOrchestrator::test_run_parallel PASSED [ 12%]
tests/integration/agent/test_evaluation_orchestrator.py::TestEvaluationOrchestrator::test_get_progress PASSED [ 12%]
tests/integration/agent/test_evaluation_orchestrator.py::TestEvaluationOrchestrator::test_get_summary PASSED [ 12%]
tests/integration/agent/test_evaluation_orchestrator.py::TestEvaluationOrchestrator::test_generate_report PASSED [ 12%]
tests/integration/agent/test_evaluation_orchestrator.py::TestEvaluationOrchestrator::test_save_trace_and_patch PASSED [ 12%]
tests/integration/agent/test_evaluation_orchestrator.py::TestEvaluationOrchestrator::test_save_summary PASSED [ 12%]
tests/integration/agent/test_evaluation_orchestrator.py::TestProgressCallback::test_callback_invocation PASSED [ 12%]
tests/integration/agent/test_evaluation_orchestrator.py::TestApplyPatch::test_apply_patch_creates_file PASSED [ 12%]
tests/integration/agent/test_evaluation_orchestrator.py::TestEvaluationStage::test_all_stages_defined PASSED [ 12%]
tests/integration/agent/test_evaluation_orchestrator.py::TestEvaluationStage::test_stage_values PASSED [ 12%]
tests/integration/agent/test_evaluation_orchestrator.py::TestConvenienceFunction::test_function_creates_orchestrator PASSED [ 12%]
tests/integration/agent/test_orchestrator_factory_e2e.py::TestOrchestratorFactoryE2E::test_create_minimal_orchestrator FAILED [ 12%]
tests/integration/agent/test_orchestrator_factory_e2e.py::TestOrchestratorFactoryE2E::test_create_orchestrator_with_custom_settings FAILED [ 12%]

=========================== short test summary info ============================
FAILED tests/integration/agent/multimodal/test_multimodal_skills_integration.py::test_vision_agent_discovers_analysis_skills
FAILED tests/integration/agent/multimodal/test_multimodal_skills_integration.py::test_multimodal_skill_transfer_vision_to_audio
FAILED tests/integration/agent/multimodal/test_multimodal_skills_integration.py::test_dynamic_skill_adaptation_based_on_content
FAILED tests/integration/agent/multimodal/test_multimodal_skills_integration.py::test_multimodal_skill_caching_and_reuse
FAILED tests/integration/agent/personas/test_persona_integration.py::TestPersonaFeedbackIntegration::test_feedback_from_multiple_users
FAILED tests/integration/agent/personas/test_persona_integration.py::TestPersonaFeedbackIntegration::test_low_rating_triggers_review
FAILED tests/integration/agent/personas/test_persona_memory_integration.py::test_persona_adapts_based_on_episodic_memory
FAILED tests/integration/agent/personas/test_persona_memory_integration.py::test_persona_evolution_based_on_feedback_and_outcomes
FAILED tests/integration/agent/personas/test_persona_memory_integration.py::test_memory_guided_persona_selection
FAILED tests/integration/agent/planning/test_planning_integration.py::TestReplanningAfterFailures::test_replan_after_single_failure
FAILED tests/integration/agent/planning/test_planning_integration.py::TestReplanningAfterFailures::test_replan_with_recovery
FAILED tests/integration/agent/planning/test_planning_integration.py::TestPlanningEdgeCases::test_circular_dependency_detection
FAILED tests/integration/agent/skills/test_skill_chaining.py::TestSkillChainExecution::test_execute_chain_metrics
FAILED tests/integration/agent/skills/test_skill_chaining.py::TestSkillChainIntegration::test_full_workflow_plan_validate_optimize_execute
FAILED tests/integration/agent/test_agentic_integration.py::TestServiceRegistration::test_hierarchical_planner_not_registered_by_default
FAILED tests/integration/agent/test_agentic_integration.py::TestServiceRegistration::test_hierarchical_planner_registered_when_enabled
FAILED tests/integration/agent/test_agentic_integration.py::TestServiceRegistration::test_episodic_memory_registered_when_enabled
FAILED tests/integration/agent/test_agentic_integration.py::TestServiceRegistration::test_semantic_memory_registered_when_enabled
FAILED tests/integration/agent/test_agentic_integration.py::TestServiceRegistration::test_skill_discovery_registered_when_enabled
FAILED tests/integration/agent/test_agentic_integration.py::TestServiceRegistration::test_skill_chainer_registered_when_enabled
FAILED tests/integration/agent/test_agentic_integration.py::TestServiceRegistration::test_proficiency_tracker_registered_when_enabled
FAILED tests/integration/agent/test_agentic_integration.py::TestServiceRegistration::test_rl_coordinator_registered_when_enabled
FAILED tests/integration/agent/test_agentic_integration.py::TestBackwardCompatibility::test_container_works_without_agentic_features
FAILED tests/integration/agent/test_agentic_integration.py::TestFeatureFlags::test_individual_feature_flags
FAILED tests/integration/agent/test_agentic_integration.py::TestConfiguration::test_hierarchical_planning_settings
FAILED tests/integration/agent/test_agentic_integration.py::TestConfiguration::test_memory_settings
FAILED tests/integration/agent/test_orchestrator_factory_e2e.py::TestOrchestratorFactoryE2E::test_create_minimal_orchestrator
FAILED tests/integration/agent/test_orchestrator_factory_e2e.py::TestOrchestratorFactoryE2E::test_create_orchestrator_with_custom_settings
ERROR tests/integration/agent/multimodal/test_multimodal_skills_integration.py::test_vision_agent_multistep_analysis_with_skill_chaining
ERROR tests/integration/agent/multimodal/test_multimodal_skills_integration.py::test_audio_agent_transcription_with_postprocessing
ERROR tests/integration/agent/multimodal/test_multimodal_skills_integration.py::test_complex_multimodal_task_with_composed_skills
ERROR tests/integration/agent/multimodal/test_multimodal_skills_integration.py::test_multimodal_skill_performance_under_load
ERROR tests/integration/agent/personas/test_persona_memory_integration.py::test_persona_uses_semantic_memory_for_knowledge_retrieval
ERROR tests/integration/agent/personas/test_persona_memory_integration.py::test_cross_system_event_propagation
ERROR tests/integration/agent/personas/test_persona_memory_integration.py::test_persona_memory_performance_under_load
ERROR tests/integration/agent/test_agentic_integration.py::TestHierarchicalPlanning::test_decompose_task
ERROR tests/integration/agent/test_agentic_integration.py::TestHierarchicalPlanning::test_validate_plan
ERROR tests/integration/agent/test_agentic_integration.py::TestEpisodicMemory::test_store_and_recall_episode
ERROR tests/integration/agent/test_agentic_integration.py::TestSemanticMemory::test_store_and_query_knowledge
ERROR tests/integration/agent/test_agentic_integration.py::TestSkillDiscovery::test_discover_tools
ERROR tests/integration/agent/test_agentic_integration.py::TestSkillDiscovery::test_compose_skill
ERROR tests/integration/agent/test_agentic_integration.py::TestSkillChaining::test_plan_chain
ERROR tests/integration/agent/test_agentic_integration.py::TestSkillChaining::test_validate_chain
ERROR tests/integration/agent/test_agentic_integration.py::TestProficiencyTracker::test_record_outcome
ERROR tests/integration/agent/test_agentic_integration.py::TestRLCoordinator::test_select_action
ERROR tests/integration/agent/test_agentic_integration.py::TestRLCoordinator::test_update_policy
ERROR tests/integration/agent/test_agentic_integration.py::TestEndToEndWorkflows::test_memory_consolidation_workflow
ERROR tests/integration/agent/test_agentic_integration.py::TestEndToEndWorkflows::test_skill_discovery_and_chaining_workflow
ERROR tests/integration/agent/test_agentic_integration.py::TestEndToEndWorkflows::test_self_improvement_workflow
ERROR tests/integration/agent/test_agentic_integration.py::TestAgenticAIMarks::test_marked_test
!!!!!!!!!!!!!!!!!!!!!!!!!! stopping after 50 failures !!!!!!!!!!!!!!!!!!!!!!!!!!
= 28 failed, 270 passed, 10 skipped, 14 deselected, 3419 warnings, 22 errors in 606.66s (0:10:06) =
